[TRACEID:] 2023-01-31 14:38:58.916 [restartedMain] INFO  com.niceben.projecttools.ProjectToolsApplication - Starting ProjectToolsApplication using Java 1.8.0_144 on DESKTOP-16RODP4 with PID 31652 (E:\2022workspaceSC\project-collect\project-tools\target\classes started by dell in E:\2022workspaceSC\project-collect)
[TRACEID:] 2023-01-31 14:38:58.939 [restartedMain] INFO  com.niceben.projecttools.ProjectToolsApplication - No active profile set, falling back to 1 default profile: "default"
[TRACEID:] 2023-01-31 14:38:59.210 [restartedMain] INFO  o.s.b.d.env.DevToolsPropertyDefaultsPostProcessor - Devtools property defaults active! Set 'spring.devtools.add-properties' to 'false' to disable
[TRACEID:] 2023-01-31 14:38:59.210 [restartedMain] INFO  o.s.b.d.env.DevToolsPropertyDefaultsPostProcessor - For additional web related logging consider setting the 'logging.level.web' property to 'DEBUG'
[TRACEID:] 2023-01-31 14:39:12.410 [restartedMain] INFO  o.s.boot.web.embedded.tomcat.TomcatWebServer - Tomcat initialized with port(s): 9001 (http)
[TRACEID:] 2023-01-31 14:39:12.412 [restartedMain] INFO  org.apache.catalina.core.AprLifecycleListener - Loaded Apache Tomcat Native library [1.2.35] using APR version [1.7.0].
[TRACEID:] 2023-01-31 14:39:12.413 [restartedMain] INFO  org.apache.catalina.core.AprLifecycleListener - APR capabilities: IPv6 [true], sendfile [true], accept filters [false], random [true], UDS [true].
[TRACEID:] 2023-01-31 14:39:12.413 [restartedMain] INFO  org.apache.catalina.core.AprLifecycleListener - APR/OpenSSL configuration: useAprConnector [false], useOpenSSL [true]
[TRACEID:] 2023-01-31 14:39:12.463 [restartedMain] INFO  org.apache.catalina.core.AprLifecycleListener - OpenSSL successfully initialized [OpenSSL 1.1.1q  5 Jul 2022]
[TRACEID:] 2023-01-31 14:39:12.521 [restartedMain] INFO  org.apache.coyote.http11.Http11NioProtocol - Initializing ProtocolHandler ["http-nio-9001"]
[TRACEID:] 2023-01-31 14:39:12.523 [restartedMain] INFO  org.apache.catalina.core.StandardService - Starting service [Tomcat]
[TRACEID:] 2023-01-31 14:39:12.523 [restartedMain] INFO  org.apache.catalina.core.StandardEngine - Starting Servlet engine: [Apache Tomcat/9.0.64]
[TRACEID:] 2023-01-31 14:39:12.772 [restartedMain] INFO  o.a.c.core.ContainerBase.[Tomcat].[localhost].[/] - Initializing Spring embedded WebApplicationContext
[TRACEID:] 2023-01-31 14:39:12.773 [restartedMain] INFO  o.s.b.w.s.c.ServletWebServerApplicationContext - Root WebApplicationContext: initialization completed in 13561 ms
[TRACEID:] 2023-01-31 14:39:14.187 [restartedMain] INFO  o.s.b.d.autoconfigure.OptionalLiveReloadServer - LiveReload server is running on port 35729
[TRACEID:] 2023-01-31 14:39:14.209 [restartedMain] INFO  org.apache.coyote.http11.Http11NioProtocol - Starting ProtocolHandler ["http-nio-9001"]
[TRACEID:] 2023-01-31 14:39:14.309 [restartedMain] INFO  o.s.boot.web.embedded.tomcat.TomcatWebServer - Tomcat started on port(s): 9001 (http) with context path ''
[TRACEID:] 2023-01-31 14:39:14.325 [restartedMain] INFO  com.niceben.projecttools.ProjectToolsApplication - Started ProjectToolsApplication in 16.869 seconds (JVM running for 24.447)
[TRACEID:] 2023-01-31 16:21:43.983 [restartedMain] INFO  com.niceben.projecttools.ProjectToolsApplication - Starting ProjectToolsApplication using Java 1.8.0_144 on DESKTOP-16RODP4 with PID 31652 (E:\2022workspaceSC\project-collect\project-tools\target\classes started by dell in E:\2022workspaceSC\project-collect)
[TRACEID:] 2023-01-31 16:21:43.983 [restartedMain] INFO  com.niceben.projecttools.ProjectToolsApplication - No active profile set, falling back to 1 default profile: "default"
[TRACEID:] 2023-01-31 16:21:44.282 [restartedMain] INFO  o.s.boot.web.embedded.tomcat.TomcatWebServer - Tomcat initialized with port(s): 9001 (http)
[TRACEID:] 2023-01-31 16:21:44.282 [restartedMain] INFO  org.apache.catalina.core.AprLifecycleListener - Loaded Apache Tomcat Native library [1.2.35] using APR version [1.7.0].
[TRACEID:] 2023-01-31 16:21:44.282 [restartedMain] INFO  org.apache.catalina.core.AprLifecycleListener - APR capabilities: IPv6 [true], sendfile [true], accept filters [false], random [true], UDS [true].
[TRACEID:] 2023-01-31 16:21:44.283 [restartedMain] INFO  org.apache.catalina.core.AprLifecycleListener - APR/OpenSSL configuration: useAprConnector [false], useOpenSSL [true]
[TRACEID:] 2023-01-31 16:21:44.311 [restartedMain] INFO  org.apache.catalina.core.AprLifecycleListener - OpenSSL successfully initialized [OpenSSL 1.1.1q  5 Jul 2022]
[TRACEID:] 2023-01-31 16:21:44.312 [restartedMain] INFO  org.apache.coyote.http11.Http11NioProtocol - Initializing ProtocolHandler ["http-nio-9001"]
[TRACEID:] 2023-01-31 16:21:44.312 [restartedMain] INFO  org.apache.catalina.core.StandardService - Starting service [Tomcat]
[TRACEID:] 2023-01-31 16:21:44.312 [restartedMain] INFO  org.apache.catalina.core.StandardEngine - Starting Servlet engine: [Apache Tomcat/9.0.64]
[TRACEID:] 2023-01-31 16:21:44.464 [restartedMain] INFO  o.a.c.core.ContainerBase.[Tomcat].[localhost].[/] - Initializing Spring embedded WebApplicationContext
[TRACEID:] 2023-01-31 16:21:44.464 [restartedMain] INFO  o.s.b.w.s.c.ServletWebServerApplicationContext - Root WebApplicationContext: initialization completed in 477 ms
[TRACEID:] 2023-01-31 16:21:44.554 [restartedMain] INFO  o.s.b.d.autoconfigure.OptionalLiveReloadServer - LiveReload server is running on port 35729
[TRACEID:] 2023-01-31 16:21:44.560 [restartedMain] INFO  org.apache.coyote.http11.Http11NioProtocol - Starting ProtocolHandler ["http-nio-9001"]
[TRACEID:] 2023-01-31 16:21:44.562 [restartedMain] INFO  o.s.boot.web.embedded.tomcat.TomcatWebServer - Tomcat started on port(s): 9001 (http) with context path ''
[TRACEID:] 2023-01-31 16:21:44.567 [restartedMain] INFO  com.niceben.projecttools.ProjectToolsApplication - Started ProjectToolsApplication in 0.629 seconds (JVM running for 6174.688)
[TRACEID:] 2023-01-31 16:21:44.569 [restartedMain] INFO  o.s.b.d.a.ConditionEvaluationDeltaLoggingListener - Condition evaluation unchanged
[TRACEID:] 2023-01-31 16:21:54.452 [restartedMain] INFO  com.niceben.projecttools.ProjectToolsApplication - Starting ProjectToolsApplication using Java 1.8.0_144 on DESKTOP-16RODP4 with PID 31652 (E:\2022workspaceSC\project-collect\project-tools\target\classes started by dell in E:\2022workspaceSC\project-collect)
[TRACEID:] 2023-01-31 16:21:54.453 [restartedMain] INFO  com.niceben.projecttools.ProjectToolsApplication - No active profile set, falling back to 1 default profile: "default"
[TRACEID:] 2023-01-31 16:21:54.501 [restartedMain] WARN  o.s.b.w.s.c.AnnotationConfigServletWebServerApplicationContext - Exception encountered during context initialization - cancelling refresh attempt: org.springframework.beans.factory.BeanDefinitionStoreException: Failed to parse configuration class [com.niceben.projecttools.ProjectToolsApplication]; nested exception is org.springframework.context.annotation.ConflictingBeanDefinitionException: Annotation-specified bean name 'userService' for bean class [com.niceben.projecttools.test.service.UserService] conflicts with existing, non-compatible bean definition of same name and class [com.niceben.projecttools.ext.config.UserService]
[TRACEID:] 2023-01-31 16:21:54.598 [restartedMain] ERROR org.springframework.boot.SpringApplication - Application run failed
org.springframework.beans.factory.BeanDefinitionStoreException: Failed to parse configuration class [com.niceben.projecttools.ProjectToolsApplication]; nested exception is org.springframework.context.annotation.ConflictingBeanDefinitionException: Annotation-specified bean name 'userService' for bean class [com.niceben.projecttools.test.service.UserService] conflicts with existing, non-compatible bean definition of same name and class [com.niceben.projecttools.ext.config.UserService]
	at org.springframework.context.annotation.ConfigurationClassParser.parse(ConfigurationClassParser.java:189)
	at org.springframework.context.annotation.ConfigurationClassPostProcessor.processConfigBeanDefinitions(ConfigurationClassPostProcessor.java:331)
	at org.springframework.context.annotation.ConfigurationClassPostProcessor.postProcessBeanDefinitionRegistry(ConfigurationClassPostProcessor.java:247)
	at org.springframework.context.support.PostProcessorRegistrationDelegate.invokeBeanDefinitionRegistryPostProcessors(PostProcessorRegistrationDelegate.java:311)
	at org.springframework.context.support.PostProcessorRegistrationDelegate.invokeBeanFactoryPostProcessors(PostProcessorRegistrationDelegate.java:112)
	at org.springframework.context.support.AbstractApplicationContext.invokeBeanFactoryPostProcessors(AbstractApplicationContext.java:746)
	at org.springframework.context.support.AbstractApplicationContext.refresh(AbstractApplicationContext.java:564)
	at org.springframework.boot.web.servlet.context.ServletWebServerApplicationContext.refresh(ServletWebServerApplicationContext.java:145)
	at org.springframework.boot.SpringApplication.refresh(SpringApplication.java:745)
	at org.springframework.boot.SpringApplication.refreshContext(SpringApplication.java:420)
	at org.springframework.boot.SpringApplication.run(SpringApplication.java:307)
	at org.springframework.boot.SpringApplication.run(SpringApplication.java:1317)
	at org.springframework.boot.SpringApplication.run(SpringApplication.java:1306)
	at com.niceben.projecttools.ProjectToolsApplication.main(ProjectToolsApplication.java:10)
	at sun.reflect.NativeMethodAccessorImpl.invoke0(Native Method)
	at sun.reflect.NativeMethodAccessorImpl.invoke(NativeMethodAccessorImpl.java:62)
	at sun.reflect.DelegatingMethodAccessorImpl.invoke(DelegatingMethodAccessorImpl.java:43)
	at java.lang.reflect.Method.invoke(Method.java:498)
	at org.springframework.boot.devtools.restart.RestartLauncher.run(RestartLauncher.java:49)
Caused by: org.springframework.context.annotation.ConflictingBeanDefinitionException: Annotation-specified bean name 'userService' for bean class [com.niceben.projecttools.test.service.UserService] conflicts with existing, non-compatible bean definition of same name and class [com.niceben.projecttools.ext.config.UserService]
	at org.springframework.context.annotation.ClassPathBeanDefinitionScanner.checkCandidate(ClassPathBeanDefinitionScanner.java:349)
	at org.springframework.context.annotation.ClassPathBeanDefinitionScanner.doScan(ClassPathBeanDefinitionScanner.java:287)
	at org.springframework.context.annotation.ComponentScanAnnotationParser.parse(ComponentScanAnnotationParser.java:128)
	at org.springframework.context.annotation.ConfigurationClassParser.doProcessConfigurationClass(ConfigurationClassParser.java:296)
	at org.springframework.context.annotation.ConfigurationClassParser.processConfigurationClass(ConfigurationClassParser.java:250)
	at org.springframework.context.annotation.ConfigurationClassParser.parse(ConfigurationClassParser.java:207)
	at org.springframework.context.annotation.ConfigurationClassParser.parse(ConfigurationClassParser.java:175)
	... 18 common frames omitted
[TRACEID:] 2023-01-31 16:22:02.503 [restartedMain] INFO  com.niceben.projecttools.ProjectToolsApplication - Starting ProjectToolsApplication using Java 1.8.0_144 on DESKTOP-16RODP4 with PID 31652 (E:\2022workspaceSC\project-collect\project-tools\target\classes started by dell in E:\2022workspaceSC\project-collect)
[TRACEID:] 2023-01-31 16:22:02.503 [restartedMain] INFO  com.niceben.projecttools.ProjectToolsApplication - No active profile set, falling back to 1 default profile: "default"
[TRACEID:] 2023-01-31 16:22:02.581 [restartedMain] WARN  o.s.b.w.s.c.AnnotationConfigServletWebServerApplicationContext - Exception encountered during context initialization - cancelling refresh attempt: org.springframework.beans.factory.BeanDefinitionStoreException: Failed to parse configuration class [com.niceben.projecttools.ProjectToolsApplication]; nested exception is org.springframework.context.annotation.ConflictingBeanDefinitionException: Annotation-specified bean name 'userService' for bean class [com.niceben.projecttools.test.service.UserService] conflicts with existing, non-compatible bean definition of same name and class [com.niceben.projecttools.ext.config.UserService]
[TRACEID:] 2023-01-31 16:22:02.595 [restartedMain] ERROR org.springframework.boot.SpringApplication - Application run failed
org.springframework.beans.factory.BeanDefinitionStoreException: Failed to parse configuration class [com.niceben.projecttools.ProjectToolsApplication]; nested exception is org.springframework.context.annotation.ConflictingBeanDefinitionException: Annotation-specified bean name 'userService' for bean class [com.niceben.projecttools.test.service.UserService] conflicts with existing, non-compatible bean definition of same name and class [com.niceben.projecttools.ext.config.UserService]
	at org.springframework.context.annotation.ConfigurationClassParser.parse(ConfigurationClassParser.java:189)
	at org.springframework.context.annotation.ConfigurationClassPostProcessor.processConfigBeanDefinitions(ConfigurationClassPostProcessor.java:331)
	at org.springframework.context.annotation.ConfigurationClassPostProcessor.postProcessBeanDefinitionRegistry(ConfigurationClassPostProcessor.java:247)
	at org.springframework.context.support.PostProcessorRegistrationDelegate.invokeBeanDefinitionRegistryPostProcessors(PostProcessorRegistrationDelegate.java:311)
	at org.springframework.context.support.PostProcessorRegistrationDelegate.invokeBeanFactoryPostProcessors(PostProcessorRegistrationDelegate.java:112)
	at org.springframework.context.support.AbstractApplicationContext.invokeBeanFactoryPostProcessors(AbstractApplicationContext.java:746)
	at org.springframework.context.support.AbstractApplicationContext.refresh(AbstractApplicationContext.java:564)
	at org.springframework.boot.web.servlet.context.ServletWebServerApplicationContext.refresh(ServletWebServerApplicationContext.java:145)
	at org.springframework.boot.SpringApplication.refresh(SpringApplication.java:745)
	at org.springframework.boot.SpringApplication.refreshContext(SpringApplication.java:420)
	at org.springframework.boot.SpringApplication.run(SpringApplication.java:307)
	at org.springframework.boot.SpringApplication.run(SpringApplication.java:1317)
	at org.springframework.boot.SpringApplication.run(SpringApplication.java:1306)
	at com.niceben.projecttools.ProjectToolsApplication.main(ProjectToolsApplication.java:10)
	at sun.reflect.NativeMethodAccessorImpl.invoke0(Native Method)
	at sun.reflect.NativeMethodAccessorImpl.invoke(NativeMethodAccessorImpl.java:62)
	at sun.reflect.DelegatingMethodAccessorImpl.invoke(DelegatingMethodAccessorImpl.java:43)
	at java.lang.reflect.Method.invoke(Method.java:498)
	at org.springframework.boot.devtools.restart.RestartLauncher.run(RestartLauncher.java:49)
Caused by: org.springframework.context.annotation.ConflictingBeanDefinitionException: Annotation-specified bean name 'userService' for bean class [com.niceben.projecttools.test.service.UserService] conflicts with existing, non-compatible bean definition of same name and class [com.niceben.projecttools.ext.config.UserService]
	at org.springframework.context.annotation.ClassPathBeanDefinitionScanner.checkCandidate(ClassPathBeanDefinitionScanner.java:349)
	at org.springframework.context.annotation.ClassPathBeanDefinitionScanner.doScan(ClassPathBeanDefinitionScanner.java:287)
	at org.springframework.context.annotation.ComponentScanAnnotationParser.parse(ComponentScanAnnotationParser.java:128)
	at org.springframework.context.annotation.ConfigurationClassParser.doProcessConfigurationClass(ConfigurationClassParser.java:296)
	at org.springframework.context.annotation.ConfigurationClassParser.processConfigurationClass(ConfigurationClassParser.java:250)
	at org.springframework.context.annotation.ConfigurationClassParser.parse(ConfigurationClassParser.java:207)
	at org.springframework.context.annotation.ConfigurationClassParser.parse(ConfigurationClassParser.java:175)
	... 18 common frames omitted
