[TRACEID:] 2023-01-13 11:36:07.390 [restartedMain] ERROR org.springframework.boot.SpringApplication - Application run failed
java.lang.IllegalStateException: java.lang.IllegalStateException: Logback configuration error detected: 
ERROR in ch.qos.logback.core.joran.action.AppenderRefAction - Could not find an appender named [Log]. Did you define it below instead of above in the configuration file?
ERROR in ch.qos.logback.core.joran.action.AppenderRefAction - See http://logback.qos.ch/codes.html#appender_order for more details.
	at org.springframework.boot.context.logging.LoggingApplicationListener.initializeSystem(LoggingApplicationListener.java:328)
	at org.springframework.boot.context.logging.LoggingApplicationListener.initialize(LoggingApplicationListener.java:282)
	at org.springframework.boot.context.logging.LoggingApplicationListener.onApplicationEnvironmentPreparedEvent(LoggingApplicationListener.java:240)
	at org.springframework.boot.context.logging.LoggingApplicationListener.onApplicationEvent(LoggingApplicationListener.java:216)
	at org.springframework.context.event.SimpleApplicationEventMulticaster.doInvokeListener(SimpleApplicationEventMulticaster.java:176)
	at org.springframework.context.event.SimpleApplicationEventMulticaster.invokeListener(SimpleApplicationEventMulticaster.java:169)
	at org.springframework.context.event.SimpleApplicationEventMulticaster.multicastEvent(SimpleApplicationEventMulticaster.java:143)
	at org.springframework.context.event.SimpleApplicationEventMulticaster.multicastEvent(SimpleApplicationEventMulticaster.java:131)
	at org.springframework.boot.context.event.EventPublishingRunListener.environmentPrepared(EventPublishingRunListener.java:85)
	at org.springframework.boot.SpringApplicationRunListeners.lambda$environmentPrepared$2(SpringApplicationRunListeners.java:66)
	at java.util.ArrayList.forEach(ArrayList.java:1249)
	at org.springframework.boot.SpringApplicationRunListeners.doWithListeners(SpringApplicationRunListeners.java:120)
	at org.springframework.boot.SpringApplicationRunListeners.doWithListeners(SpringApplicationRunListeners.java:114)
	at org.springframework.boot.SpringApplicationRunListeners.environmentPrepared(SpringApplicationRunListeners.java:65)
	at org.springframework.boot.SpringApplication.prepareEnvironment(SpringApplication.java:343)
	at org.springframework.boot.SpringApplication.run(SpringApplication.java:301)
	at org.springframework.boot.SpringApplication.run(SpringApplication.java:1317)
	at org.springframework.boot.SpringApplication.run(SpringApplication.java:1306)
	at com.niceben.projecttools.ProjectToolsApplication.main(ProjectToolsApplication.java:10)
	at sun.reflect.NativeMethodAccessorImpl.invoke0(Native Method)
	at sun.reflect.NativeMethodAccessorImpl.invoke(NativeMethodAccessorImpl.java:62)
	at sun.reflect.DelegatingMethodAccessorImpl.invoke(DelegatingMethodAccessorImpl.java:43)
	at java.lang.reflect.Method.invoke(Method.java:498)
	at org.springframework.boot.devtools.restart.RestartLauncher.run(RestartLauncher.java:49)
Caused by: java.lang.IllegalStateException: Logback configuration error detected: 
ERROR in ch.qos.logback.core.joran.action.AppenderRefAction - Could not find an appender named [Log]. Did you define it below instead of above in the configuration file?
ERROR in ch.qos.logback.core.joran.action.AppenderRefAction - See http://logback.qos.ch/codes.html#appender_order for more details.
	at org.springframework.boot.logging.logback.LogbackLoggingSystem.loadConfiguration(LogbackLoggingSystem.java:179)
	at org.springframework.boot.logging.AbstractLoggingSystem.initializeWithSpecificConfig(AbstractLoggingSystem.java:66)
	at org.springframework.boot.logging.AbstractLoggingSystem.initialize(AbstractLoggingSystem.java:57)
	at org.springframework.boot.logging.logback.LogbackLoggingSystem.initialize(LogbackLoggingSystem.java:132)
	at org.springframework.boot.context.logging.LoggingApplicationListener.initializeSystem(LoggingApplicationListener.java:316)
	... 23 common frames omitted
[TRACEID:] 2023-01-13 11:37:20.304 [restartedMain] ERROR org.springframework.boot.SpringApplication - Application run failed
java.lang.IllegalStateException: java.lang.IllegalStateException: Logback configuration error detected: 
ERROR in ch.qos.logback.core.joran.action.AppenderRefAction - Could not find an appender named [Log]. Did you define it below instead of above in the configuration file?
ERROR in ch.qos.logback.core.joran.action.AppenderRefAction - See http://logback.qos.ch/codes.html#appender_order for more details.
	at org.springframework.boot.context.logging.LoggingApplicationListener.initializeSystem(LoggingApplicationListener.java:328)
	at org.springframework.boot.context.logging.LoggingApplicationListener.initialize(LoggingApplicationListener.java:282)
	at org.springframework.boot.context.logging.LoggingApplicationListener.onApplicationEnvironmentPreparedEvent(LoggingApplicationListener.java:240)
	at org.springframework.boot.context.logging.LoggingApplicationListener.onApplicationEvent(LoggingApplicationListener.java:216)
	at org.springframework.context.event.SimpleApplicationEventMulticaster.doInvokeListener(SimpleApplicationEventMulticaster.java:176)
	at org.springframework.context.event.SimpleApplicationEventMulticaster.invokeListener(SimpleApplicationEventMulticaster.java:169)
	at org.springframework.context.event.SimpleApplicationEventMulticaster.multicastEvent(SimpleApplicationEventMulticaster.java:143)
	at org.springframework.context.event.SimpleApplicationEventMulticaster.multicastEvent(SimpleApplicationEventMulticaster.java:131)
	at org.springframework.boot.context.event.EventPublishingRunListener.environmentPrepared(EventPublishingRunListener.java:85)
	at org.springframework.boot.SpringApplicationRunListeners.lambda$environmentPrepared$2(SpringApplicationRunListeners.java:66)
	at java.util.ArrayList.forEach(ArrayList.java:1249)
	at org.springframework.boot.SpringApplicationRunListeners.doWithListeners(SpringApplicationRunListeners.java:120)
	at org.springframework.boot.SpringApplicationRunListeners.doWithListeners(SpringApplicationRunListeners.java:114)
	at org.springframework.boot.SpringApplicationRunListeners.environmentPrepared(SpringApplicationRunListeners.java:65)
	at org.springframework.boot.SpringApplication.prepareEnvironment(SpringApplication.java:343)
	at org.springframework.boot.SpringApplication.run(SpringApplication.java:301)
	at org.springframework.boot.SpringApplication.run(SpringApplication.java:1317)
	at org.springframework.boot.SpringApplication.run(SpringApplication.java:1306)
	at com.niceben.projecttools.ProjectToolsApplication.main(ProjectToolsApplication.java:10)
	at sun.reflect.NativeMethodAccessorImpl.invoke0(Native Method)
	at sun.reflect.NativeMethodAccessorImpl.invoke(NativeMethodAccessorImpl.java:62)
	at sun.reflect.DelegatingMethodAccessorImpl.invoke(DelegatingMethodAccessorImpl.java:43)
	at java.lang.reflect.Method.invoke(Method.java:498)
	at org.springframework.boot.devtools.restart.RestartLauncher.run(RestartLauncher.java:49)
Caused by: java.lang.IllegalStateException: Logback configuration error detected: 
ERROR in ch.qos.logback.core.joran.action.AppenderRefAction - Could not find an appender named [Log]. Did you define it below instead of above in the configuration file?
ERROR in ch.qos.logback.core.joran.action.AppenderRefAction - See http://logback.qos.ch/codes.html#appender_order for more details.
	at org.springframework.boot.logging.logback.LogbackLoggingSystem.loadConfiguration(LogbackLoggingSystem.java:179)
	at org.springframework.boot.logging.AbstractLoggingSystem.initializeWithSpecificConfig(AbstractLoggingSystem.java:66)
	at org.springframework.boot.logging.AbstractLoggingSystem.initialize(AbstractLoggingSystem.java:57)
	at org.springframework.boot.logging.logback.LogbackLoggingSystem.initialize(LogbackLoggingSystem.java:132)
	at org.springframework.boot.context.logging.LoggingApplicationListener.initializeSystem(LoggingApplicationListener.java:316)
	... 23 common frames omitted
[TRACEID:] 2023-01-13 11:39:15.185 [restartedMain] INFO  com.niceben.projecttools.ProjectToolsApplication - Starting ProjectToolsApplication using Java 1.8.0_144 on DESKTOP-16RODP4 with PID 12948 (E:\2022workspaceSC\project-collect\project-tools\target\classes started by dell in E:\2022workspaceSC\project-collect)
[TRACEID:] 2023-01-13 11:39:15.187 [restartedMain] INFO  com.niceben.projecttools.ProjectToolsApplication - No active profile set, falling back to 1 default profile: "default"
[TRACEID:] 2023-01-13 11:39:15.310 [restartedMain] INFO  o.s.b.d.env.DevToolsPropertyDefaultsPostProcessor - Devtools property defaults active! Set 'spring.devtools.add-properties' to 'false' to disable
[TRACEID:] 2023-01-13 11:39:15.310 [restartedMain] INFO  o.s.b.d.env.DevToolsPropertyDefaultsPostProcessor - For additional web related logging consider setting the 'logging.level.web' property to 'DEBUG'
[TRACEID:] 2023-01-13 11:39:18.921 [restartedMain] INFO  o.s.boot.web.embedded.tomcat.TomcatWebServer - Tomcat initialized with port(s): 9001 (http)
[TRACEID:] 2023-01-13 11:39:18.935 [restartedMain] INFO  org.apache.coyote.http11.Http11NioProtocol - Initializing ProtocolHandler ["http-nio-9001"]
[TRACEID:] 2023-01-13 11:39:18.936 [restartedMain] INFO  org.apache.catalina.core.StandardService - Starting service [Tomcat]
[TRACEID:] 2023-01-13 11:39:18.936 [restartedMain] INFO  org.apache.catalina.core.StandardEngine - Starting Servlet engine: [Apache Tomcat/9.0.64]
[TRACEID:] 2023-01-13 11:39:19.058 [restartedMain] INFO  o.a.c.core.ContainerBase.[Tomcat].[localhost].[/] - Initializing Spring embedded WebApplicationContext
[TRACEID:] 2023-01-13 11:39:19.059 [restartedMain] INFO  o.s.b.w.s.c.ServletWebServerApplicationContext - Root WebApplicationContext: initialization completed in 3747 ms
[TRACEID:] 2023-01-13 11:39:20.406 [restartedMain] INFO  o.s.b.d.autoconfigure.OptionalLiveReloadServer - LiveReload server is running on port 35729
[TRACEID:] 2023-01-13 11:39:20.708 [restartedMain] INFO  org.apache.coyote.http11.Http11NioProtocol - Starting ProtocolHandler ["http-nio-9001"]
[TRACEID:] 2023-01-13 11:39:20.744 [restartedMain] INFO  o.s.boot.web.embedded.tomcat.TomcatWebServer - Tomcat started on port(s): 9001 (http) with context path ''
[TRACEID:] 2023-01-13 11:39:21.286 [restartedMain] INFO  com.niceben.projecttools.ProjectToolsApplication - Started ProjectToolsApplication in 6.984 seconds (JVM running for 8.825)
[TRACEID:] 2023-01-13 11:40:01.847 [http-nio-9001-exec-2] INFO  o.a.c.core.ContainerBase.[Tomcat].[localhost].[/] - Initializing Spring DispatcherServlet 'dispatcherServlet'
[TRACEID:] 2023-01-13 11:40:01.847 [http-nio-9001-exec-2] INFO  org.springframework.web.servlet.DispatcherServlet - Initializing Servlet 'dispatcherServlet'
[TRACEID:] 2023-01-13 11:40:01.850 [http-nio-9001-exec-2] INFO  org.springframework.web.servlet.DispatcherServlet - Completed initialization in 3 ms
[TRACEID:] 2023-01-13 11:40:01.947 [http-nio-9001-exec-2] INFO  c.n.projecttools.web.controller.TestController - 计算结果num=0
[TRACEID:] 2023-01-13 11:40:21.919 [http-nio-9001-exec-4] INFO  c.n.projecttools.web.controller.TestController - 计算结果num=0
[TRACEID:] 2023-01-13 11:47:25.154 [restartedMain] INFO  com.niceben.projecttools.ProjectToolsApplication - Starting ProjectToolsApplication using Java 1.8.0_144 on DESKTOP-16RODP4 with PID 18536 (E:\2022workspaceSC\project-collect\project-tools\target\classes started by dell in E:\2022workspaceSC\project-collect)
[TRACEID:] 2023-01-13 11:47:25.156 [restartedMain] INFO  com.niceben.projecttools.ProjectToolsApplication - No active profile set, falling back to 1 default profile: "default"
[TRACEID:] 2023-01-13 11:47:25.226 [restartedMain] INFO  o.s.b.d.env.DevToolsPropertyDefaultsPostProcessor - Devtools property defaults active! Set 'spring.devtools.add-properties' to 'false' to disable
[TRACEID:] 2023-01-13 11:47:25.226 [restartedMain] INFO  o.s.b.d.env.DevToolsPropertyDefaultsPostProcessor - For additional web related logging consider setting the 'logging.level.web' property to 'DEBUG'
[TRACEID:] 2023-01-13 11:47:27.168 [restartedMain] INFO  o.s.boot.web.embedded.tomcat.TomcatWebServer - Tomcat initialized with port(s): 9001 (http)
[TRACEID:] 2023-01-13 11:47:27.178 [restartedMain] INFO  org.apache.coyote.http11.Http11NioProtocol - Initializing ProtocolHandler ["http-nio-9001"]
[TRACEID:] 2023-01-13 11:47:27.179 [restartedMain] INFO  org.apache.catalina.core.StandardService - Starting service [Tomcat]
[TRACEID:] 2023-01-13 11:47:27.179 [restartedMain] INFO  org.apache.catalina.core.StandardEngine - Starting Servlet engine: [Apache Tomcat/9.0.64]
[TRACEID:] 2023-01-13 11:47:27.272 [restartedMain] INFO  o.a.c.core.ContainerBase.[Tomcat].[localhost].[/] - Initializing Spring embedded WebApplicationContext
[TRACEID:] 2023-01-13 11:47:27.272 [restartedMain] INFO  o.s.b.w.s.c.ServletWebServerApplicationContext - Root WebApplicationContext: initialization completed in 2045 ms
[TRACEID:] 2023-01-13 11:47:28.197 [restartedMain] INFO  o.s.b.d.autoconfigure.OptionalLiveReloadServer - LiveReload server is running on port 35729
[TRACEID:] 2023-01-13 11:47:28.383 [restartedMain] INFO  org.apache.coyote.http11.Http11NioProtocol - Starting ProtocolHandler ["http-nio-9001"]
[TRACEID:] 2023-01-13 11:47:28.414 [restartedMain] INFO  o.s.boot.web.embedded.tomcat.TomcatWebServer - Tomcat started on port(s): 9001 (http) with context path ''
[TRACEID:] 2023-01-13 11:47:28.764 [restartedMain] INFO  com.niceben.projecttools.ProjectToolsApplication - Started ProjectToolsApplication in 4.342 seconds (JVM running for 6.099)
[TRACEID:] 2023-01-13 11:48:03.496 [restartedMain] INFO  com.niceben.projecttools.ProjectToolsApplication - Starting ProjectToolsApplication using Java 1.8.0_144 on DESKTOP-16RODP4 with PID 19928 (E:\2022workspaceSC\project-collect\project-tools\target\classes started by dell in E:\2022workspaceSC\project-collect)
[TRACEID:] 2023-01-13 11:48:03.498 [restartedMain] INFO  com.niceben.projecttools.ProjectToolsApplication - No active profile set, falling back to 1 default profile: "default"
[TRACEID:] 2023-01-13 11:48:03.550 [restartedMain] INFO  o.s.b.d.env.DevToolsPropertyDefaultsPostProcessor - Devtools property defaults active! Set 'spring.devtools.add-properties' to 'false' to disable
[TRACEID:] 2023-01-13 11:48:03.551 [restartedMain] INFO  o.s.b.d.env.DevToolsPropertyDefaultsPostProcessor - For additional web related logging consider setting the 'logging.level.web' property to 'DEBUG'
[TRACEID:] 2023-01-13 11:48:05.073 [restartedMain] INFO  o.s.boot.web.embedded.tomcat.TomcatWebServer - Tomcat initialized with port(s): 9001 (http)
[TRACEID:] 2023-01-13 11:48:05.085 [restartedMain] INFO  org.apache.coyote.http11.Http11NioProtocol - Initializing ProtocolHandler ["http-nio-9001"]
[TRACEID:] 2023-01-13 11:48:05.085 [restartedMain] INFO  org.apache.catalina.core.StandardService - Starting service [Tomcat]
[TRACEID:] 2023-01-13 11:48:05.086 [restartedMain] INFO  org.apache.catalina.core.StandardEngine - Starting Servlet engine: [Apache Tomcat/9.0.64]
[TRACEID:] 2023-01-13 11:48:05.185 [restartedMain] INFO  o.a.c.core.ContainerBase.[Tomcat].[localhost].[/] - Initializing Spring embedded WebApplicationContext
[TRACEID:] 2023-01-13 11:48:05.186 [restartedMain] INFO  o.s.b.w.s.c.ServletWebServerApplicationContext - Root WebApplicationContext: initialization completed in 1634 ms
[TRACEID:] 2023-01-13 11:48:05.829 [restartedMain] INFO  o.s.b.d.autoconfigure.OptionalLiveReloadServer - LiveReload server is running on port 35729
[TRACEID:] 2023-01-13 11:48:05.844 [restartedMain] INFO  org.apache.coyote.http11.Http11NioProtocol - Starting ProtocolHandler ["http-nio-9001"]
[TRACEID:] 2023-01-13 11:48:05.868 [restartedMain] INFO  o.s.boot.web.embedded.tomcat.TomcatWebServer - Tomcat started on port(s): 9001 (http) with context path ''
[TRACEID:] 2023-01-13 11:48:05.878 [restartedMain] INFO  com.niceben.projecttools.ProjectToolsApplication - Started ProjectToolsApplication in 3.026 seconds (JVM running for 4.382)
[TRACEID:] 2023-01-13 11:48:16.489 [http-nio-9001-exec-2] INFO  o.a.c.core.ContainerBase.[Tomcat].[localhost].[/] - Initializing Spring DispatcherServlet 'dispatcherServlet'
[TRACEID:] 2023-01-13 11:48:16.489 [http-nio-9001-exec-2] INFO  org.springframework.web.servlet.DispatcherServlet - Initializing Servlet 'dispatcherServlet'
[TRACEID:] 2023-01-13 11:48:16.490 [http-nio-9001-exec-2] INFO  org.springframework.web.servlet.DispatcherServlet - Completed initialization in 1 ms
[TRACEID:] 2023-01-13 11:48:16.528 [http-nio-9001-exec-2] INFO  c.n.projecttools.web.controller.TestController - 计算结果num=0
[TRACEID:] 2023-01-13 13:09:47.966 [restartedMain] INFO  com.niceben.projecttools.ProjectToolsApplication - Starting ProjectToolsApplication using Java 1.8.0_144 on DESKTOP-16RODP4 with PID 2640 (E:\2022workspaceSC\project-collect\project-tools\target\classes started by dell in E:\2022workspaceSC\project-collect)
[TRACEID:] 2023-01-13 13:09:47.988 [restartedMain] INFO  com.niceben.projecttools.ProjectToolsApplication - No active profile set, falling back to 1 default profile: "default"
[TRACEID:] 2023-01-13 13:09:48.113 [restartedMain] INFO  o.s.b.d.env.DevToolsPropertyDefaultsPostProcessor - Devtools property defaults active! Set 'spring.devtools.add-properties' to 'false' to disable
[TRACEID:] 2023-01-13 13:09:48.113 [restartedMain] INFO  o.s.b.d.env.DevToolsPropertyDefaultsPostProcessor - For additional web related logging consider setting the 'logging.level.web' property to 'DEBUG'
[TRACEID:] 2023-01-13 13:09:50.668 [restartedMain] INFO  o.s.boot.web.embedded.tomcat.TomcatWebServer - Tomcat initialized with port(s): 9001 (http)
[TRACEID:] 2023-01-13 13:09:50.685 [restartedMain] INFO  org.apache.coyote.http11.Http11NioProtocol - Initializing ProtocolHandler ["http-nio-9001"]
[TRACEID:] 2023-01-13 13:09:50.686 [restartedMain] INFO  org.apache.catalina.core.StandardService - Starting service [Tomcat]
[TRACEID:] 2023-01-13 13:09:50.686 [restartedMain] INFO  org.apache.catalina.core.StandardEngine - Starting Servlet engine: [Apache Tomcat/9.0.64]
[TRACEID:] 2023-01-13 13:09:50.815 [restartedMain] INFO  o.a.c.core.ContainerBase.[Tomcat].[localhost].[/] - Initializing Spring embedded WebApplicationContext
[TRACEID:] 2023-01-13 13:09:50.816 [restartedMain] INFO  o.s.b.w.s.c.ServletWebServerApplicationContext - Root WebApplicationContext: initialization completed in 2702 ms
[TRACEID:] 2023-01-13 13:09:51.872 [restartedMain] INFO  o.s.b.d.autoconfigure.OptionalLiveReloadServer - LiveReload server is running on port 35729
[TRACEID:] 2023-01-13 13:09:51.887 [restartedMain] INFO  org.apache.coyote.http11.Http11NioProtocol - Starting ProtocolHandler ["http-nio-9001"]
[TRACEID:] 2023-01-13 13:09:51.921 [restartedMain] INFO  o.s.boot.web.embedded.tomcat.TomcatWebServer - Tomcat started on port(s): 9001 (http) with context path ''
[TRACEID:] 2023-01-13 13:09:51.931 [restartedMain] INFO  com.niceben.projecttools.ProjectToolsApplication - Started ProjectToolsApplication in 5.099 seconds (JVM running for 6.931)
[TRACEID:] 2023-01-13 13:10:10.757 [http-nio-9001-exec-2] INFO  o.a.c.core.ContainerBase.[Tomcat].[localhost].[/] - Initializing Spring DispatcherServlet 'dispatcherServlet'
[TRACEID:] 2023-01-13 13:10:10.758 [http-nio-9001-exec-2] INFO  org.springframework.web.servlet.DispatcherServlet - Initializing Servlet 'dispatcherServlet'
[TRACEID:] 2023-01-13 13:10:10.759 [http-nio-9001-exec-2] INFO  org.springframework.web.servlet.DispatcherServlet - Completed initialization in 1 ms
[TRACEID:] 2023-01-13 13:10:10.804 [http-nio-9001-exec-2] INFO  c.n.projecttools.web.controller.TestController - 计算结果num=0
